<?xml version="1.0" encoding="UTF-8"?>
<!-- Generated by org.testng.reporters.JUnitReportReporter -->
<testsuite hostname="ip-172-31-22-139" failures="0" tests="1" name="stepDefinition.testNG" time="58.580" errors="0" timestamp="25 Feb 2023 14:49:29 GMT" skipped="0">
  <testcase classname="stepDefinition.testNG" name="pizzaAddItemToBasketFlow" time="58.580"/>
</testsuite> <!-- stepDefinition.testNG -->
